# JRE version: OpenJDK Runtime Environment (8.0_342-b07) (build 1.8.0_342-b07)
# Java VM: OpenJDK 64-Bit Server VM (25.342-b07 mixed mode linux-amd64 compressed oops)
Heap:
 PSYoungGen      total 147456K, used 140981K [0x00000000eab00000, 0x00000000f4600000, 0x0000000100000000)
  eden space 136192K, 100% used [0x00000000eab00000,0x00000000f3000000,0x00000000f3000000)
  from space 11264K, 42% used [0x00000000f3b00000,0x00000000f3fad660,0x00000000f4600000)
  to   space 11264K, 46% used [0x00000000f3000000,0x00000000f351a830,0x00000000f3b00000)
 ParOldGen       total 181760K, used 96K [0x00000000c0000000, 0x00000000cb180000, 0x00000000eab00000)
  object space 181760K, 0% used [0x00000000c0000000,0x00000000c0018010,0x00000000cb180000)
 Metaspace       used 14449K, capacity 14634K, committed 14848K, reserved 1062912K
  class space    used 1677K, capacity 1759K, committed 1792K, reserved 1048576K
GC Heap History (5 events):
Event: 0.395 GC heap before
{Heap before GC invocations=1 (full 0):
 PSYoungGen      total 79360K, used 68096K [0x00000000eab00000, 0x00000000f0380000, 0x0000000100000000)
  eden space 68096K, 100% used [0x00000000eab00000,0x00000000eed80000,0x00000000eed80000)
  from space 11264K, 0% used [0x00000000ef880000,0x00000000ef880000,0x00000000f0380000)
  to   space 11264K, 0% used [0x00000000eed80000,0x00000000eed80000,0x00000000ef880000)
 ParOldGen       total 181760K, used 0K [0x00000000c0000000, 0x00000000cb180000, 0x00000000eab00000)
  object space 181760K, 0% used [0x00000000c0000000,0x00000000c0000000,0x00000000cb180000)
 Metaspace       used 5224K, capacity 5824K, committed 6016K, reserved 1056768K
  class space    used 593K, capacity 624K, committed 640K, reserved 1048576K
Event: 0.400 GC heap after
Heap after GC invocations=1 (full 0):
 PSYoungGen      total 79360K, used 3196K [0x00000000eab00000, 0x00000000f4600000, 0x0000000100000000)
  eden space 68096K, 0% used [0x00000000eab00000,0x00000000eab00000,0x00000000eed80000)
  from space 11264K, 28% used [0x00000000eed80000,0x00000000ef09f2f0,0x00000000ef880000)
  to   space 11264K, 0% used [0x00000000f3b00000,0x00000000f3b00000,0x00000000f4600000)
 ParOldGen       total 181760K, used 8K [0x00000000c0000000, 0x00000000cb180000, 0x00000000eab00000)
  object space 181760K, 0% used [0x00000000c0000000,0x00000000c0002000,0x00000000cb180000)
 Metaspace       used 5224K, capacity 5824K, committed 6016K, reserved 1056768K
  class space    used 593K, capacity 624K, committed 640K, reserved 1048576K
}
Event: 0.718 GC heap before
{Heap before GC invocations=2 (full 0):
 PSYoungGen      total 79360K, used 71292K [0x00000000eab00000, 0x00000000f4600000, 0x0000000100000000)
  eden space 68096K, 100% used [0x00000000eab00000,0x00000000eed80000,0x00000000eed80000)
  from space 11264K, 28% used [0x00000000eed80000,0x00000000ef09f2f0,0x00000000ef880000)
  to   space 11264K, 0% used [0x00000000f3b00000,0x00000000f3b00000,0x00000000f4600000)
 ParOldGen       total 181760K, used 8K [0x00000000c0000000, 0x00000000cb180000, 0x00000000eab00000)
  object space 181760K, 0% used [0x00000000c0000000,0x00000000c0002000,0x00000000cb180000)
 Metaspace       used 7809K, capacity 8012K, committed 8192K, reserved 1056768K
  class space    used 874K, capacity 938K, committed 1024K, reserved 1048576K
Event: 0.724 GC heap after
Heap after GC invocations=2 (full 0):
 PSYoungGen      total 147456K, used 4789K [0x00000000eab00000, 0x00000000f4600000, 0x0000000100000000)
  eden space 136192K, 0% used [0x00000000eab00000,0x00000000eab00000,0x00000000f3000000)
  from space 11264K, 42% used [0x00000000f3b00000,0x00000000f3fad660,0x00000000f4600000)
  to   space 11264K, 0% used [0x00000000f3000000,0x00000000f3000000,0x00000000f3b00000)
 ParOldGen       total 181760K, used 88K [0x00000000c0000000, 0x00000000cb180000, 0x00000000eab00000)
  object space 181760K, 0% used [0x00000000c0000000,0x00000000c0016010,0x00000000cb180000)
 Metaspace       used 7809K, capacity 8012K, committed 8192K, reserved 1056768K
  class space    used 874K, capacity 938K, committed 1024K, reserved 1048576K
}
Event: 1.310 GC heap before
{Heap before GC invocations=3 (full 0):
 PSYoungGen      total 147456K, used 140981K [0x00000000eab00000, 0x00000000f4600000, 0x0000000100000000)
  eden space 136192K, 100% used [0x00000000eab00000,0x00000000f3000000,0x00000000f3000000)
  from space 11264K, 42% used [0x00000000f3b00000,0x00000000f3fad660,0x00000000f4600000)
  to   space 11264K, 0% used [0x00000000f3000000,0x00000000f3000000,0x00000000f3b00000)
 ParOldGen       total 181760K, used 88K [0x00000000c0000000, 0x00000000cb180000, 0x00000000eab00000)
  object space 181760K, 0% used [0x00000000c0000000,0x00000000c0016010,0x00000000cb180000)
 Metaspace       used 14449K, capacity 14634K, committed 14848K, reserved 1062912K
  class space    used 1677K, capacity 1759K, committed 1792K, reserved 1048576K

