# JRE version: OpenJDK Runtime Environment (8.0_342-b07) (build 1.8.0_342-b07)
# Java VM: OpenJDK 64-Bit Server VM (25.342-b07 mixed mode linux-amd64 compressed oops)
Heap:
 PSYoungGen      total 946176K, used 32493K [0x0000000781800000, 0x00000007c0000000, 0x00000007c0000000)
  eden space 913408K, 0% used [0x0000000781800000,0x0000000781800000,0x00000007b9400000)
  from space 32768K, 99% used [0x00000007b9400000,0x00000007bb3bb6e0,0x00000007bb400000)
  to   space 55808K, 0% used [0x00000007bc980000,0x00000007bc980000,0x00000007c0000000)
 ParOldGen       total 1165312K, used 816671K [0x0000000704800000, 0x000000074ba00000, 0x0000000781800000)
  object space 1165312K, 70% used [0x0000000704800000,0x0000000736587eb0,0x000000074ba00000)
 Metaspace       used 158913K, capacity 164296K, committed 164336K, reserved 1198080K
  class space    used 14180K, capacity 15249K, committed 15280K, reserved 1048576K
GC Heap History (10 events):
Event: 8956.488 GC heap after
Heap after GC invocations=55 (full 4):
 PSYoungGen      total 971776K, used 4949K [0x0000000781800000, 0x00000007bff00000, 0x00000007c0000000)
  eden space 921600K, 0% used [0x0000000781800000,0x0000000781800000,0x00000007b9c00000)
  from space 50176K, 9% used [0x00000007b9c00000,0x00000007ba0d56b0,0x00000007bcd00000)
  to   space 50688K, 0% used [0x00000007bcd80000,0x00000007bcd80000,0x00000007bff00000)
 ParOldGen       total 1165312K, used 813484K [0x0000000704800000, 0x000000074ba00000, 0x0000000781800000)
  object space 1165312K, 69% used [0x0000000704800000,0x000000073626b0b0,0x000000074ba00000)
 Metaspace       used 152534K, capacity 156834K, committed 156968K, reserved 1191936K
  class space    used 13389K, capacity 14330K, committed 14384K, reserved 1048576K
}
Event: 9018.902 GC heap before
{Heap before GC invocations=56 (full 4):
 PSYoungGen      total 971776K, used 926549K [0x0000000781800000, 0x00000007bff00000, 0x00000007c0000000)
  eden space 921600K, 100% used [0x0000000781800000,0x00000007b9c00000,0x00000007b9c00000)
  from space 50176K, 9% used [0x00000007b9c00000,0x00000007ba0d56b0,0x00000007bcd00000)
  to   space 50688K, 0% used [0x00000007bcd80000,0x00000007bcd80000,0x00000007bff00000)
 ParOldGen       total 1165312K, used 813484K [0x0000000704800000, 0x000000074ba00000, 0x0000000781800000)
  object space 1165312K, 69% used [0x0000000704800000,0x000000073626b0b0,0x000000074ba00000)
 Metaspace       used 153410K, capacity 158176K, committed 158376K, reserved 1193984K
  class space    used 13501K, capacity 14511K, committed 14512K, reserved 1048576K
Event: 9018.916 GC heap after
Heap after GC invocations=56 (full 4):
 PSYoungGen      total 972800K, used 7035K [0x0000000781800000, 0x00000007bff80000, 0x00000007c0000000)
  eden space 922112K, 0% used [0x0000000781800000,0x0000000781800000,0x00000007b9c80000)
  from space 50688K, 13% used [0x00000007bcd80000,0x00000007bd45ed50,0x00000007bff00000)
  to   space 50176K, 0% used [0x00000007b9c80000,0x00000007b9c80000,0x00000007bcd80000)
 ParOldGen       total 1165312K, used 816647K [0x0000000704800000, 0x000000074ba00000, 0x0000000781800000)
  object space 1165312K, 70% used [0x0000000704800000,0x0000000736581eb0,0x000000074ba00000)
 Metaspace       used 153410K, capacity 158176K, committed 158376K, reserved 1193984K
  class space    used 13501K, capacity 14511K, committed 14512K, reserved 1048576K
}
Event: 9055.862 GC heap before
{Heap before GC invocations=57 (full 4):
 PSYoungGen      total 972800K, used 929147K [0x0000000781800000, 0x00000007bff80000, 0x00000007c0000000)
  eden space 922112K, 100% used [0x0000000781800000,0x00000007b9c80000,0x00000007b9c80000)
  from space 50688K, 13% used [0x00000007bcd80000,0x00000007bd45ed50,0x00000007bff00000)
  to   space 50176K, 0% used [0x00000007b9c80000,0x00000007b9c80000,0x00000007bcd80000)
 ParOldGen       total 1165312K, used 816647K [0x0000000704800000, 0x000000074ba00000, 0x0000000781800000)
  object space 1165312K, 70% used [0x0000000704800000,0x0000000736581eb0,0x000000074ba00000)
 Metaspace       used 154169K, capacity 159586K, committed 159912K, reserved 1193984K
  class space    used 13596K, capacity 14682K, committed 14768K, reserved 1048576K
Event: 9055.895 GC heap after
Heap after GC invocations=57 (full 4):
 PSYoungGen      total 972288K, used 31469K [0x0000000781800000, 0x00000007c0000000, 0x00000007c0000000)
  eden space 922112K, 0% used [0x0000000781800000,0x0000000781800000,0x00000007b9c80000)
  from space 50176K, 62% used [0x00000007b9c80000,0x00000007bbb3b530,0x00000007bcd80000)
  to   space 51200K, 0% used [0x00000007bce00000,0x00000007bce00000,0x00000007c0000000)
 ParOldGen       total 1165312K, used 816655K [0x0000000704800000, 0x000000074ba00000, 0x0000000781800000)
  object space 1165312K, 70% used [0x0000000704800000,0x0000000736583eb0,0x000000074ba00000)
 Metaspace       used 154169K, capacity 159586K, committed 159912K, reserved 1193984K
  class space    used 13596K, capacity 14682K, committed 14768K, reserved 1048576K
}
Event: 9106.712 GC heap before
{Heap before GC invocations=58 (full 4):
 PSYoungGen      total 972288K, used 953581K [0x0000000781800000, 0x00000007c0000000, 0x00000007c0000000)
  eden space 922112K, 100% used [0x0000000781800000,0x00000007b9c80000,0x00000007b9c80000)
  from space 50176K, 62% used [0x00000007b9c80000,0x00000007bbb3b530,0x00000007bcd80000)
  to   space 51200K, 0% used [0x00000007bce00000,0x00000007bce00000,0x00000007c0000000)
 ParOldGen       total 1165312K, used 816655K [0x0000000704800000, 0x000000074ba00000, 0x0000000781800000)
  object space 1165312K, 70% used [0x0000000704800000,0x0000000736583eb0,0x000000074ba00000)
 Metaspace       used 154348K, capacity 159804K, committed 159912K, reserved 1193984K
  class space    used 13605K, capacity 14697K, committed 14768K, reserved 1048576K
Event: 9106.744 GC heap after
Heap after GC invocations=58 (full 4):
 PSYoungGen      total 964608K, used 39530K [0x0000000781800000, 0x00000007c0000000, 0x00000007c0000000)
  eden space 913408K, 0% used [0x0000000781800000,0x0000000781800000,0x00000007b9400000)
  from space 51200K, 77% used [0x00000007bce00000,0x00000007bf49a878,0x00000007c0000000)
  to   space 55296K, 0% used [0x00000007b9400000,0x00000007b9400000,0x00000007bca00000)
 ParOldGen       total 1165312K, used 816663K [0x0000000704800000, 0x000000074ba00000, 0x0000000781800000)
  object space 1165312K, 70% used [0x0000000704800000,0x0000000736585eb0,0x000000074ba00000)
 Metaspace       used 154348K, capacity 159804K, committed 159912K, reserved 1193984K
  class space    used 13605K, capacity 14697K, committed 14768K, reserved 1048576K
}
Event: 9214.798 GC heap before
{Heap before GC invocations=59 (full 4):
 PSYoungGen      total 964608K, used 736646K [0x0000000781800000, 0x00000007c0000000, 0x00000007c0000000)
  eden space 913408K, 76% used [0x0000000781800000,0x00000007ac0c7200,0x00000007b9400000)
  from space 51200K, 77% used [0x00000007bce00000,0x00000007bf49a878,0x00000007c0000000)
  to   space 55296K, 0% used [0x00000007b9400000,0x00000007b9400000,0x00000007bca00000)
 ParOldGen       total 1165312K, used 816663K [0x0000000704800000, 0x000000074ba00000, 0x0000000781800000)
  object space 1165312K, 70% used [0x0000000704800000,0x0000000736585eb0,0x000000074ba00000)
 Metaspace       used 158913K, capacity 164296K, committed 164336K, reserved 1198080K
  class space    used 14180K, capacity 15249K, committed 15280K, reserved 1048576K
Event: 9214.819 GC heap after
Heap after GC invocations=59 (full 4):
 PSYoungGen      total 946176K, used 32493K [0x0000000781800000, 0x00000007c0000000, 0x00000007c0000000)
  eden space 913408K, 0% used [0x0000000781800000,0x0000000781800000,0x00000007b9400000)
  from space 32768K, 99% used [0x00000007b9400000,0x00000007bb3bb6e0,0x00000007bb400000)
  to   space 55808K, 0% used [0x00000007bc980000,0x00000007bc980000,0x00000007c0000000)
 ParOldGen       total 1165312K, used 816671K [0x0000000704800000, 0x000000074ba00000, 0x0000000781800000)
  object space 1165312K, 70% used [0x0000000704800000,0x0000000736587eb0,0x000000074ba00000)
 Metaspace       used 158913K, capacity 164296K, committed 164336K, reserved 1198080K
  class space    used 14180K, capacity 15249K, committed 15280K, reserved 1048576K
}
Event: 9214.819 GC heap before
{Heap before GC invocations=60 (full 5):
 PSYoungGen      total 946176K, used 32493K [0x0000000781800000, 0x00000007c0000000, 0x00000007c0000000)
  eden space 913408K, 0% used [0x0000000781800000,0x0000000781800000,0x00000007b9400000)
  from space 32768K, 99% used [0x00000007b9400000,0x00000007bb3bb6e0,0x00000007bb400000)
  to   space 55808K, 0% used [0x00000007bc980000,0x00000007bc980000,0x00000007c0000000)
 ParOldGen       total 1165312K, used 816671K [0x0000000704800000, 0x000000074ba00000, 0x0000000781800000)
  object space 1165312K, 70% used [0x0000000704800000,0x0000000736587eb0,0x000000074ba00000)
 Metaspace       used 158913K, capacity 164296K, committed 164336K, reserved 1198080K
  class space    used 14180K, capacity 15249K, committed 15280K, reserved 1048576K

