# JRE version: OpenJDK Runtime Environment (8.0_342-b07) (build 1.8.0_342-b07)
# Java VM: OpenJDK 64-Bit Server VM (25.342-b07 mixed mode linux-amd64 compressed oops)
Heap:
 PSYoungGen      total 101888K, used 26475K [0x00000000eab00000, 0x00000000f6000000, 0x0000000100000000)
  eden space 20992K, 0% used [0x00000000eab00000,0x00000000eab00000,0x00000000ebf80000)
  from space 80896K, 32% used [0x00000000ebf80000,0x00000000ed95ae78,0x00000000f0e80000)
  to   space 80896K, 0% used [0x00000000f1100000,0x00000000f1100000,0x00000000f6000000)
 ParOldGen       total 116736K, used 112391K [0x00000000c0000000, 0x00000000c7200000, 0x00000000eab00000)
  object space 116736K, 96% used [0x00000000c0000000,0x00000000c6dc1ff0,0x00000000c7200000)
 Metaspace       used 10548K, capacity 10644K, committed 10880K, reserved 1058816K
  class space    used 1084K, capacity 1104K, committed 1152K, reserved 1048576K
GC Heap History (10 events):
Event: 4.493 GC heap after
Heap after GC invocations=40 (full 7):
 PSYoungGen      total 66560K, used 49752K [0x00000000eab00000, 0x00000000f6b00000, 0x0000000100000000)
  eden space 16384K, 0% used [0x00000000eab00000,0x00000000eab00000,0x00000000ebb00000)
  from space 50176K, 99% used [0x00000000ebb00000,0x00000000eeb963d8,0x00000000eec00000)
  to   space 89088K, 0% used [0x00000000f1400000,0x00000000f1400000,0x00000000f6b00000)
 ParOldGen       total 116736K, used 88155K [0x00000000c0000000, 0x00000000c7200000, 0x00000000eab00000)
  object space 116736K, 75% used [0x00000000c0000000,0x00000000c5616e28,0x00000000c7200000)
 Metaspace       used 10485K, capacity 10580K, committed 10880K, reserved 1058816K
  class space    used 1084K, capacity 1104K, committed 1152K, reserved 1048576K
}
Event: 4.601 GC heap before
{Heap before GC invocations=41 (full 7):
 PSYoungGen      total 66560K, used 66136K [0x00000000eab00000, 0x00000000f6b00000, 0x0000000100000000)
  eden space 16384K, 100% used [0x00000000eab00000,0x00000000ebb00000,0x00000000ebb00000)
  from space 50176K, 99% used [0x00000000ebb00000,0x00000000eeb963d8,0x00000000eec00000)
  to   space 89088K, 0% used [0x00000000f1400000,0x00000000f1400000,0x00000000f6b00000)
 ParOldGen       total 116736K, used 88155K [0x00000000c0000000, 0x00000000c7200000, 0x00000000eab00000)
  object space 116736K, 75% used [0x00000000c0000000,0x00000000c5616e28,0x00000000c7200000)
 Metaspace       used 10528K, capacity 10644K, committed 10880K, reserved 1058816K
  class space    used 1084K, capacity 1104K, committed 1152K, reserved 1048576K
Event: 4.628 GC heap after
Heap after GC invocations=41 (full 7):
 PSYoungGen      total 101376K, used 49899K [0x00000000eab00000, 0x00000000f6500000, 0x0000000100000000)
  eden space 18432K, 0% used [0x00000000eab00000,0x00000000eab00000,0x00000000ebd00000)
  from space 82944K, 60% used [0x00000000f1400000,0x00000000f44bae48,0x00000000f6500000)
  to   space 86016K, 0% used [0x00000000ebd00000,0x00000000ebd00000,0x00000000f1100000)
 ParOldGen       total 116736K, used 88155K [0x00000000c0000000, 0x00000000c7200000, 0x00000000eab00000)
  object space 116736K, 75% used [0x00000000c0000000,0x00000000c5616e28,0x00000000c7200000)
 Metaspace       used 10528K, capacity 10644K, committed 10880K, reserved 1058816K
  class space    used 1084K, capacity 1104K, committed 1152K, reserved 1048576K
}
Event: 4.690 GC heap before
{Heap before GC invocations=42 (full 7):
 PSYoungGen      total 101376K, used 68331K [0x00000000eab00000, 0x00000000f6500000, 0x0000000100000000)
  eden space 18432K, 100% used [0x00000000eab00000,0x00000000ebd00000,0x00000000ebd00000)
  from space 82944K, 60% used [0x00000000f1400000,0x00000000f44bae48,0x00000000f6500000)
  to   space 86016K, 0% used [0x00000000ebd00000,0x00000000ebd00000,0x00000000f1100000)
 ParOldGen       total 116736K, used 88155K [0x00000000c0000000, 0x00000000c7200000, 0x00000000eab00000)
  object space 116736K, 75% used [0x00000000c0000000,0x00000000c5616e28,0x00000000c7200000)
 Metaspace       used 10530K, capacity 10644K, committed 10880K, reserved 1058816K
  class space    used 1084K, capacity 1104K, committed 1152K, reserved 1048576K
Event: 4.731 GC heap after
Heap after GC invocations=42 (full 7):
 PSYoungGen      total 61440K, used 42926K [0x00000000eab00000, 0x00000000f6180000, 0x0000000100000000)
  eden space 18432K, 0% used [0x00000000eab00000,0x00000000eab00000,0x00000000ebd00000)
  from space 43008K, 99% used [0x00000000ebd00000,0x00000000ee6eba50,0x00000000ee700000)
  to   space 82944K, 0% used [0x00000000f1080000,0x00000000f1080000,0x00000000f6180000)
 ParOldGen       total 116736K, used 94804K [0x00000000c0000000, 0x00000000c7200000, 0x00000000eab00000)
  object space 116736K, 81% used [0x00000000c0000000,0x00000000c5c95038,0x00000000c7200000)
 Metaspace       used 10530K, capacity 10644K, committed 10880K, reserved 1058816K
  class space    used 1084K, capacity 1104K, committed 1152K, reserved 1048576K
}
Event: 4.820 GC heap before
{Heap before GC invocations=43 (full 7):
 PSYoungGen      total 61440K, used 61358K [0x00000000eab00000, 0x00000000f6180000, 0x0000000100000000)
  eden space 18432K, 100% used [0x00000000eab00000,0x00000000ebd00000,0x00000000ebd00000)
  from space 43008K, 99% used [0x00000000ebd00000,0x00000000ee6eba50,0x00000000ee700000)
  to   space 82944K, 0% used [0x00000000f1080000,0x00000000f1080000,0x00000000f6180000)
 ParOldGen       total 116736K, used 94804K [0x00000000c0000000, 0x00000000c7200000, 0x00000000eab00000)
  object space 116736K, 81% used [0x00000000c0000000,0x00000000c5c95038,0x00000000c7200000)
 Metaspace       used 10537K, capacity 10644K, committed 10880K, reserved 1058816K
  class space    used 1084K, capacity 1104K, committed 1152K, reserved 1048576K
Event: 4.847 GC heap after
Heap after GC invocations=43 (full 7):
 PSYoungGen      total 99840K, used 35859K [0x00000000eab00000, 0x00000000f5d80000, 0x0000000100000000)
  eden space 20992K, 0% used [0x00000000eab00000,0x00000000eab00000,0x00000000ebf80000)
  from space 78848K, 45% used [0x00000000f1080000,0x00000000f3384e80,0x00000000f5d80000)
  to   space 80896K, 0% used [0x00000000ebf80000,0x00000000ebf80000,0x00000000f0e80000)
 ParOldGen       total 116736K, used 102626K [0x00000000c0000000, 0x00000000c7200000, 0x00000000eab00000)
  object space 116736K, 87% used [0x00000000c0000000,0x00000000c6438a10,0x00000000c7200000)
 Metaspace       used 10537K, capacity 10644K, committed 10880K, reserved 1058816K
  class space    used 1084K, capacity 1104K, committed 1152K, reserved 1048576K
}
Event: 4.968 GC heap before
{Heap before GC invocations=44 (full 7):
 PSYoungGen      total 99840K, used 56851K [0x00000000eab00000, 0x00000000f5d80000, 0x0000000100000000)
  eden space 20992K, 100% used [0x00000000eab00000,0x00000000ebf80000,0x00000000ebf80000)
  from space 78848K, 45% used [0x00000000f1080000,0x00000000f3384e80,0x00000000f5d80000)
  to   space 80896K, 0% used [0x00000000ebf80000,0x00000000ebf80000,0x00000000f0e80000)
 ParOldGen       total 116736K, used 102626K [0x00000000c0000000, 0x00000000c7200000, 0x00000000eab00000)
  object space 116736K, 87% used [0x00000000c0000000,0x00000000c6438a10,0x00000000c7200000)
 Metaspace       used 10548K, capacity 10644K, committed 10880K, reserved 1058816K
  class space    used 1084K, capacity 1104K, committed 1152K, reserved 1048576K
Event: 4.995 GC heap after
Heap after GC invocations=44 (full 7):
 PSYoungGen      total 101888K, used 26475K [0x00000000eab00000, 0x00000000f6000000, 0x0000000100000000)
  eden space 20992K, 0% used [0x00000000eab00000,0x00000000eab00000,0x00000000ebf80000)
  from space 80896K, 32% used [0x00000000ebf80000,0x00000000ed95ae78,0x00000000f0e80000)
  to   space 80896K, 0% used [0x00000000f1100000,0x00000000f1100000,0x00000000f6000000)
 ParOldGen       total 116736K, used 112391K [0x00000000c0000000, 0x00000000c7200000, 0x00000000eab00000)
  object space 116736K, 96% used [0x00000000c0000000,0x00000000c6dc1ff0,0x00000000c7200000)
 Metaspace       used 10548K, capacity 10644K, committed 10880K, reserved 1058816K
  class space    used 1084K, capacity 1104K, committed 1152K, reserved 1048576K
}
Event: 4.995 GC heap before
{Heap before GC invocations=45 (full 8):
 PSYoungGen      total 101888K, used 26475K [0x00000000eab00000, 0x00000000f6000000, 0x0000000100000000)
  eden space 20992K, 0% used [0x00000000eab00000,0x00000000eab00000,0x00000000ebf80000)
  from space 80896K, 32% used [0x00000000ebf80000,0x00000000ed95ae78,0x00000000f0e80000)
  to   space 80896K, 0% used [0x00000000f1100000,0x00000000f1100000,0x00000000f6000000)
 ParOldGen       total 116736K, used 112391K [0x00000000c0000000, 0x00000000c7200000, 0x00000000eab00000)
  object space 116736K, 96% used [0x00000000c0000000,0x00000000c6dc1ff0,0x00000000c7200000)
 Metaspace       used 10548K, capacity 10644K, committed 10880K, reserved 1058816K
  class space    used 1084K, capacity 1104K, committed 1152K, reserved 1048576K

